f3swp1_0419.txt
δ=10000.0
ΩR=1.0000000000000002
Ωprime=1.0000000000000002
62831853071.79586
628318530.7179587
628318530.7179587
99.99999999999999
4.999999999999999e-07
nl is 117
0
-------
1
-------
2
-------
3
-------
4
-------
5
-------
6
-------
7
-------
8
-------
9
-------
10
-------
11
-------
12
-------
13
-------
14
-------
15
-------
16
-------
17
-------
18
-------
19
-------
f3swp2_0419.txt
δ=10000.0
ΩR=1.0000000000000002
Ωprime=1.0000000000000002
62831853071.79586
628318530.7179587
628318530.7179587
99.99999999999999
4.999999999999999e-07
nl is 117
0
-------
1
-------
2
-------
3
-------
4
-------
5
-------
6
-------
7
-------
8
-------
9
-------
10
-------
11
-------
12
-------
13
-------
14
-------
15
-------
16
-------
17
-------
18
-------
19
-------
