intswp_2pw.py:112: RuntimeWarning: invalid value encountered in sqrt
  derivs=[0.5*1j*omega1*np.sqrt(1+phi1)*np.exp(1j*(delta1*t))*b,
intswp_2pw.py:113: RuntimeWarning: invalid value encountered in sqrt
  0.5*1j*omega1*np.sqrt(1+phi1)*np.exp(-1j*(delta1*t))*a+0.5*1j*omega2*np.sqrt(1+phi2)*np.exp(1j*(delta2*t))*c,
intswp_2pw.py:113: RuntimeWarning: invalid value encountered in sqrt
  0.5*1j*omega1*np.sqrt(1+phi1)*np.exp(-1j*(delta1*t))*a+0.5*1j*omega2*np.sqrt(1+phi2)*np.exp(1j*(delta2*t))*c,
intswp_2pw.py:114: RuntimeWarning: invalid value encountered in sqrt
  0.5*1j*omega2*np.sqrt(1+phi2)*np.exp(-1j*(delta2*t))*b]
intswp_2pw.py:112: RuntimeWarning: invalid value encountered in sqrt
  derivs=[0.5*1j*omega1*np.sqrt(1+phi1)*np.exp(1j*(delta1*t))*b,
intswp_2pw.py:113: RuntimeWarning: invalid value encountered in sqrt
  0.5*1j*omega1*np.sqrt(1+phi1)*np.exp(-1j*(delta1*t))*a+0.5*1j*omega2*np.sqrt(1+phi2)*np.exp(1j*(delta2*t))*c,
intswp_2pw.py:112: RuntimeWarning: invalid value encountered in sqrt
  derivs=[0.5*1j*omega1*np.sqrt(1+phi1)*np.exp(1j*(delta1*t))*b,
intswp_2pw.py:113: RuntimeWarning: invalid value encountered in sqrt
  0.5*1j*omega1*np.sqrt(1+phi1)*np.exp(-1j*(delta1*t))*a+0.5*1j*omega2*np.sqrt(1+phi2)*np.exp(1j*(delta2*t))*c,
intswp_2pw.py:112: RuntimeWarning: invalid value encountered in sqrt
  derivs=[0.5*1j*omega1*np.sqrt(1+phi1)*np.exp(1j*(delta1*t))*b,
intswp_2pw.py:113: RuntimeWarning: invalid value encountered in sqrt
  0.5*1j*omega1*np.sqrt(1+phi1)*np.exp(-1j*(delta1*t))*a+0.5*1j*omega2*np.sqrt(1+phi2)*np.exp(1j*(delta2*t))*c,
intswp_2pw.py:113: RuntimeWarning: invalid value encountered in sqrt
  0.5*1j*omega1*np.sqrt(1+phi1)*np.exp(-1j*(delta1*t))*a+0.5*1j*omega2*np.sqrt(1+phi2)*np.exp(1j*(delta2*t))*c,
intswp_2pw.py:114: RuntimeWarning: invalid value encountered in sqrt
  0.5*1j*omega2*np.sqrt(1+phi2)*np.exp(-1j*(delta2*t))*b]
intswp_2pw.py:113: RuntimeWarning: invalid value encountered in sqrt
  0.5*1j*omega1*np.sqrt(1+phi1)*np.exp(-1j*(delta1*t))*a+0.5*1j*omega2*np.sqrt(1+phi2)*np.exp(1j*(delta2*t))*c,
intswp_2pw.py:114: RuntimeWarning: invalid value encountered in sqrt
  0.5*1j*omega2*np.sqrt(1+phi2)*np.exp(-1j*(delta2*t))*b]
intswp_2pw.py:112: RuntimeWarning: invalid value encountered in sqrt
  derivs=[0.5*1j*omega1*np.sqrt(1+phi1)*np.exp(1j*(delta1*t))*b,
intswp_2pw.py:113: RuntimeWarning: invalid value encountered in sqrt
  0.5*1j*omega1*np.sqrt(1+phi1)*np.exp(-1j*(delta1*t))*a+0.5*1j*omega2*np.sqrt(1+phi2)*np.exp(1j*(delta2*t))*c,
intswp_2pw.py:112: RuntimeWarning: invalid value encountered in sqrt
  derivs=[0.5*1j*omega1*np.sqrt(1+phi1)*np.exp(1j*(delta1*t))*b,
intswp_2pw.py:113: RuntimeWarning: invalid value encountered in sqrt
  0.5*1j*omega1*np.sqrt(1+phi1)*np.exp(-1j*(delta1*t))*a+0.5*1j*omega2*np.sqrt(1+phi2)*np.exp(1j*(delta2*t))*c,
intswp_2pw.py:112: RuntimeWarning: invalid value encountered in sqrt
  derivs=[0.5*1j*omega1*np.sqrt(1+phi1)*np.exp(1j*(delta1*t))*b,
intswp_2pw.py:113: RuntimeWarning: invalid value encountered in sqrt
  0.5*1j*omega1*np.sqrt(1+phi1)*np.exp(-1j*(delta1*t))*a+0.5*1j*omega2*np.sqrt(1+phi2)*np.exp(1j*(delta2*t))*c,
intswp_2pw.py:112: RuntimeWarning: invalid value encountered in sqrt
  derivs=[0.5*1j*omega1*np.sqrt(1+phi1)*np.exp(1j*(delta1*t))*b,
intswp_2pw.py:113: RuntimeWarning: invalid value encountered in sqrt
  0.5*1j*omega1*np.sqrt(1+phi1)*np.exp(-1j*(delta1*t))*a+0.5*1j*omega2*np.sqrt(1+phi2)*np.exp(1j*(delta2*t))*c,
intswp_2pw.py:113: RuntimeWarning: invalid value encountered in sqrt
  0.5*1j*omega1*np.sqrt(1+phi1)*np.exp(-1j*(delta1*t))*a+0.5*1j*omega2*np.sqrt(1+phi2)*np.exp(1j*(delta2*t))*c,
intswp_2pw.py:114: RuntimeWarning: invalid value encountered in sqrt
  0.5*1j*omega2*np.sqrt(1+phi2)*np.exp(-1j*(delta2*t))*b]
intswp_2pw.py:112: RuntimeWarning: invalid value encountered in sqrt
  derivs=[0.5*1j*omega1*np.sqrt(1+phi1)*np.exp(1j*(delta1*t))*b,
intswp_2pw.py:113: RuntimeWarning: invalid value encountered in sqrt
  0.5*1j*omega1*np.sqrt(1+phi1)*np.exp(-1j*(delta1*t))*a+0.5*1j*omega2*np.sqrt(1+phi2)*np.exp(1j*(delta2*t))*c,
intswp_2pw.py:113: RuntimeWarning: invalid value encountered in sqrt
  0.5*1j*omega1*np.sqrt(1+phi1)*np.exp(-1j*(delta1*t))*a+0.5*1j*omega2*np.sqrt(1+phi2)*np.exp(1j*(delta2*t))*c,
intswp_2pw.py:114: RuntimeWarning: invalid value encountered in sqrt
  0.5*1j*omega2*np.sqrt(1+phi2)*np.exp(-1j*(delta2*t))*b]
intswp_2pw.py:113: RuntimeWarning: invalid value encountered in sqrt
  0.5*1j*omega1*np.sqrt(1+phi1)*np.exp(-1j*(delta1*t))*a+0.5*1j*omega2*np.sqrt(1+phi2)*np.exp(1j*(delta2*t))*c,
intswp_2pw.py:114: RuntimeWarning: invalid value encountered in sqrt
  0.5*1j*omega2*np.sqrt(1+phi2)*np.exp(-1j*(delta2*t))*b]
intswp_2pw.py:112: RuntimeWarning: invalid value encountered in sqrt
  derivs=[0.5*1j*omega1*np.sqrt(1+phi1)*np.exp(1j*(delta1*t))*b,
intswp_2pw.py:113: RuntimeWarning: invalid value encountered in sqrt
  0.5*1j*omega1*np.sqrt(1+phi1)*np.exp(-1j*(delta1*t))*a+0.5*1j*omega2*np.sqrt(1+phi2)*np.exp(1j*(delta2*t))*c,
intswp_2pw.py:113: RuntimeWarning: invalid value encountered in sqrt
  0.5*1j*omega1*np.sqrt(1+phi1)*np.exp(-1j*(delta1*t))*a+0.5*1j*omega2*np.sqrt(1+phi2)*np.exp(1j*(delta2*t))*c,
intswp_2pw.py:114: RuntimeWarning: invalid value encountered in sqrt
  0.5*1j*omega2*np.sqrt(1+phi2)*np.exp(-1j*(delta2*t))*b]
intswp_2pw.py:113: RuntimeWarning: invalid value encountered in sqrt
  0.5*1j*omega1*np.sqrt(1+phi1)*np.exp(-1j*(delta1*t))*a+0.5*1j*omega2*np.sqrt(1+phi2)*np.exp(1j*(delta2*t))*c,
intswp_2pw.py:114: RuntimeWarning: invalid value encountered in sqrt
  0.5*1j*omega2*np.sqrt(1+phi2)*np.exp(-1j*(delta2*t))*b]
intswp_2pw.py:112: RuntimeWarning: invalid value encountered in sqrt
  derivs=[0.5*1j*omega1*np.sqrt(1+phi1)*np.exp(1j*(delta1*t))*b,
intswp_2pw.py:113: RuntimeWarning: invalid value encountered in sqrt
  0.5*1j*omega1*np.sqrt(1+phi1)*np.exp(-1j*(delta1*t))*a+0.5*1j*omega2*np.sqrt(1+phi2)*np.exp(1j*(delta2*t))*c,
intswp_2pw.py:113: RuntimeWarning: invalid value encountered in sqrt
  0.5*1j*omega1*np.sqrt(1+phi1)*np.exp(-1j*(delta1*t))*a+0.5*1j*omega2*np.sqrt(1+phi2)*np.exp(1j*(delta2*t))*c,
intswp_2pw.py:114: RuntimeWarning: invalid value encountered in sqrt
  0.5*1j*omega2*np.sqrt(1+phi2)*np.exp(-1j*(delta2*t))*b]
intswp_2pw.py:112: RuntimeWarning: invalid value encountered in sqrt
  derivs=[0.5*1j*omega1*np.sqrt(1+phi1)*np.exp(1j*(delta1*t))*b,
intswp_2pw.py:113: RuntimeWarning: invalid value encountered in sqrt
  0.5*1j*omega1*np.sqrt(1+phi1)*np.exp(-1j*(delta1*t))*a+0.5*1j*omega2*np.sqrt(1+phi2)*np.exp(1j*(delta2*t))*c,
intswp_2pw.py:113: RuntimeWarning: invalid value encountered in sqrt
  0.5*1j*omega1*np.sqrt(1+phi1)*np.exp(-1j*(delta1*t))*a+0.5*1j*omega2*np.sqrt(1+phi2)*np.exp(1j*(delta2*t))*c,
intswp_2pw.py:114: RuntimeWarning: invalid value encountered in sqrt
  0.5*1j*omega2*np.sqrt(1+phi2)*np.exp(-1j*(delta2*t))*b]
intswp_2pw.py:112: RuntimeWarning: invalid value encountered in sqrt
  derivs=[0.5*1j*omega1*np.sqrt(1+phi1)*np.exp(1j*(delta1*t))*b,
intswp_2pw.py:113: RuntimeWarning: invalid value encountered in sqrt
  0.5*1j*omega1*np.sqrt(1+phi1)*np.exp(-1j*(delta1*t))*a+0.5*1j*omega2*np.sqrt(1+phi2)*np.exp(1j*(delta2*t))*c,
intswp_2pw.py:112: RuntimeWarning: invalid value encountered in sqrt
  derivs=[0.5*1j*omega1*np.sqrt(1+phi1)*np.exp(1j*(delta1*t))*b,
intswp_2pw.py:113: RuntimeWarning: invalid value encountered in sqrt
  0.5*1j*omega1*np.sqrt(1+phi1)*np.exp(-1j*(delta1*t))*a+0.5*1j*omega2*np.sqrt(1+phi2)*np.exp(1j*(delta2*t))*c,
intswp_2pw.py:113: RuntimeWarning: invalid value encountered in sqrt
  0.5*1j*omega1*np.sqrt(1+phi1)*np.exp(-1j*(delta1*t))*a+0.5*1j*omega2*np.sqrt(1+phi2)*np.exp(1j*(delta2*t))*c,
intswp_2pw.py:114: RuntimeWarning: invalid value encountered in sqrt
  0.5*1j*omega2*np.sqrt(1+phi2)*np.exp(-1j*(delta2*t))*b]
intswp_2pw.py:113: RuntimeWarning: invalid value encountered in sqrt
  0.5*1j*omega1*np.sqrt(1+phi1)*np.exp(-1j*(delta1*t))*a+0.5*1j*omega2*np.sqrt(1+phi2)*np.exp(1j*(delta2*t))*c,
intswp_2pw.py:114: RuntimeWarning: invalid value encountered in sqrt
  0.5*1j*omega2*np.sqrt(1+phi2)*np.exp(-1j*(delta2*t))*b]
intswp_2pw.py:112: RuntimeWarning: invalid value encountered in sqrt
  derivs=[0.5*1j*omega1*np.sqrt(1+phi1)*np.exp(1j*(delta1*t))*b,
intswp_2pw.py:113: RuntimeWarning: invalid value encountered in sqrt
  0.5*1j*omega1*np.sqrt(1+phi1)*np.exp(-1j*(delta1*t))*a+0.5*1j*omega2*np.sqrt(1+phi2)*np.exp(1j*(delta2*t))*c,
intswp_2pw.py:112: RuntimeWarning: invalid value encountered in sqrt
  derivs=[0.5*1j*omega1*np.sqrt(1+phi1)*np.exp(1j*(delta1*t))*b,
intswp_2pw.py:113: RuntimeWarning: invalid value encountered in sqrt
  0.5*1j*omega1*np.sqrt(1+phi1)*np.exp(-1j*(delta1*t))*a+0.5*1j*omega2*np.sqrt(1+phi2)*np.exp(1j*(delta2*t))*c,
intswp_2pw.py:113: RuntimeWarning: invalid value encountered in sqrt
  0.5*1j*omega1*np.sqrt(1+phi1)*np.exp(-1j*(delta1*t))*a+0.5*1j*omega2*np.sqrt(1+phi2)*np.exp(1j*(delta2*t))*c,
intswp_2pw.py:114: RuntimeWarning: invalid value encountered in sqrt
  0.5*1j*omega2*np.sqrt(1+phi2)*np.exp(-1j*(delta2*t))*b]
intswp_2pw.py:113: RuntimeWarning: invalid value encountered in sqrt
  0.5*1j*omega1*np.sqrt(1+phi1)*np.exp(-1j*(delta1*t))*a+0.5*1j*omega2*np.sqrt(1+phi2)*np.exp(1j*(delta2*t))*c,
intswp_2pw.py:114: RuntimeWarning: invalid value encountered in sqrt
  0.5*1j*omega2*np.sqrt(1+phi2)*np.exp(-1j*(delta2*t))*b]
intswp_2pw.py:113: RuntimeWarning: invalid value encountered in sqrt
  0.5*1j*omega1*np.sqrt(1+phi1)*np.exp(-1j*(delta1*t))*a+0.5*1j*omega2*np.sqrt(1+phi2)*np.exp(1j*(delta2*t))*c,
intswp_2pw.py:114: RuntimeWarning: invalid value encountered in sqrt
  0.5*1j*omega2*np.sqrt(1+phi2)*np.exp(-1j*(delta2*t))*b]
intswp_2pw.py:112: RuntimeWarning: invalid value encountered in sqrt
  derivs=[0.5*1j*omega1*np.sqrt(1+phi1)*np.exp(1j*(delta1*t))*b,
intswp_2pw.py:113: RuntimeWarning: invalid value encountered in sqrt
  0.5*1j*omega1*np.sqrt(1+phi1)*np.exp(-1j*(delta1*t))*a+0.5*1j*omega2*np.sqrt(1+phi2)*np.exp(1j*(delta2*t))*c,
intswp_2pw.py:112: RuntimeWarning: invalid value encountered in sqrt
  derivs=[0.5*1j*omega1*np.sqrt(1+phi1)*np.exp(1j*(delta1*t))*b,
intswp_2pw.py:113: RuntimeWarning: invalid value encountered in sqrt
  0.5*1j*omega1*np.sqrt(1+phi1)*np.exp(-1j*(delta1*t))*a+0.5*1j*omega2*np.sqrt(1+phi2)*np.exp(1j*(delta2*t))*c,
intswp_2pw.py:113: RuntimeWarning: invalid value encountered in sqrt
  0.5*1j*omega1*np.sqrt(1+phi1)*np.exp(-1j*(delta1*t))*a+0.5*1j*omega2*np.sqrt(1+phi2)*np.exp(1j*(delta2*t))*c,
intswp_2pw.py:114: RuntimeWarning: invalid value encountered in sqrt
  0.5*1j*omega2*np.sqrt(1+phi2)*np.exp(-1j*(delta2*t))*b]
intswp_2pw.py:113: RuntimeWarning: invalid value encountered in sqrt
  0.5*1j*omega1*np.sqrt(1+phi1)*np.exp(-1j*(delta1*t))*a+0.5*1j*omega2*np.sqrt(1+phi2)*np.exp(1j*(delta2*t))*c,
intswp_2pw.py:114: RuntimeWarning: invalid value encountered in sqrt
  0.5*1j*omega2*np.sqrt(1+phi2)*np.exp(-1j*(delta2*t))*b]
intswp_2pw.py:112: RuntimeWarning: invalid value encountered in sqrt
  derivs=[0.5*1j*omega1*np.sqrt(1+phi1)*np.exp(1j*(delta1*t))*b,
intswp_2pw.py:113: RuntimeWarning: invalid value encountered in sqrt
  0.5*1j*omega1*np.sqrt(1+phi1)*np.exp(-1j*(delta1*t))*a+0.5*1j*omega2*np.sqrt(1+phi2)*np.exp(1j*(delta2*t))*c,
intswp_2pw.py:112: RuntimeWarning: invalid value encountered in sqrt
  derivs=[0.5*1j*omega1*np.sqrt(1+phi1)*np.exp(1j*(delta1*t))*b,
intswp_2pw.py:113: RuntimeWarning: invalid value encountered in sqrt
  0.5*1j*omega1*np.sqrt(1+phi1)*np.exp(-1j*(delta1*t))*a+0.5*1j*omega2*np.sqrt(1+phi2)*np.exp(1j*(delta2*t))*c,
intswp_2pw.py:113: RuntimeWarning: invalid value encountered in sqrt
  0.5*1j*omega1*np.sqrt(1+phi1)*np.exp(-1j*(delta1*t))*a+0.5*1j*omega2*np.sqrt(1+phi2)*np.exp(1j*(delta2*t))*c,
intswp_2pw.py:114: RuntimeWarning: invalid value encountered in sqrt
  0.5*1j*omega2*np.sqrt(1+phi2)*np.exp(-1j*(delta2*t))*b]
slurmstepd: error: *** JOB 2458067 ON bdw-0058 CANCELLED AT 2022-05-26T08:39:52 DUE TO TIME LIMIT ***
